Using pre-set license
Built from '2022.3/release' branch; Version is '2022.3.12f1 (4fe6e059c7ef) revision 5236448'; Using compiler version '192829333'; Build Type 'Release'
OS: 'Windows 11  (10.0.22631) 64bit CoreSingleLanguage' Language: 'en' Physical Memory: 16221 MB
BatchMode: 1, IsHumanControllingUs: 0, StartBugReporterOnCrash: 0, Is64bit: 1, IsPro: 1

COMMAND LINE ARGUMENTS:
C:\Program Files\Unity\Hub\Editor\2022.3.12f1\Editor\Unity.exe
-adb2
-batchMode
-noUpm
-name
AssetImportWorker1
-projectPath
C:/Users/athew/Desktop/AUP/2D Runner
-logFile
Logs/AssetImportWorker1.log
-srvPort
60880
Successfully changed project path to: C:/Users/athew/Desktop/AUP/2D Runner
C:/Users/athew/Desktop/AUP/2D Runner
received signal from system: SIGSEGV
Obtained 22 stack frames
0x00007ff61680a2fd (Unity) 
0x00007ff61680f2a9 (Unity) 
0x00007ff6177e6931 (Unity) 
0x00007ff61680e6f6 (Unity) 
0x00007ff616809b2c (Unity) 
0x00007ff618c2eea8 (Unity) udnSetPath
0x00007ff618cf1f98 (Unity) udnSetPath
0x00007ff618bf8840 (Unity) udnSetPath
0x00007ff9a541527f (ntdll) 
0x00007ff9a538e886 (ntdll) 
0x00007ff9a541426e (ntdll) 
0x00007ff61601813a (Unity) 
0x00007ff616013200 (Unity) 
0x00007ff616011fd8 (Unity) 
0x00007ff61601f50f (Unity) 
0x00007ff61601751a (Unity) 
0x00007ff616018396 (Unity) 
0x00007ff617365e8e (Unity) 
0x00007ff6177f2735 (Unity) 
0x00007ff618bd61be (Unity) udnSetPath
0x00007ff9a453259d (KERNEL32) BaseThreadInitThunk
0x00007ff9a53caf38 (ntdll) 

